<?xml version="1.0" encoding="UTF-8"?>
<!-- Generated by org.testng.reporters.JUnitXMLReporter -->
<testsuite ignored="4" hostname="Vinnu" failures="0" tests="3" name="Default test" time="21.249" errors="0" timestamp="2022-01-29T00:12:00 NZDT">
  <testcase classname="com.ecoportal.InvalidEmail" name="Reg" time="1.042"/>
  <testcase classname="com.ecoportal.InvalidEmail" name="signIn" time="3.382"/>
  <testcase classname="com.ecoportal.InvalidEmail" name="submit" time="0.918"/>
  <testcase classname="com.ecoportal.InvalidEmail" name="c_email" time="0.0">
    <ignored/>
  </testcase> <!-- c_email -->
  <testcase classname="com.ecoportal.InvalidEmail" name="pwd" time="0.0">
    <ignored/>
  </testcase> <!-- pwd -->
  <testcase classname="com.ecoportal.InvalidEmail" name="email" time="0.0">
    <ignored/>
  </testcase> <!-- email -->
  <testcase classname="com.ecoportal.InvalidEmail" name="c_pwd" time="0.0">
    <ignored/>
  </testcase> <!-- c_pwd -->
</testsuite> <!-- Default test -->
